proguard-project.txt
# This is a configuration file for ProGuard.
# http://proguard.sourceforge.net/index.html#manual/usage.html

-dontusemixedcaseclassnames
-dontskipnonpubliclibraryclasses
-verbose

# Optimization is turned off by default. Dex does not like code run
# through the ProGuard optimize and preverify steps (and performs some
# of these optimizations on its own).
-dontoptimize
-dontpreverify
# Note that if you want to enable optimization, you cannot just
# include optimization flags in your own project configuration file;
# instead you will need to point to the
# "proguard-android-optimize.txt" file instead of this one from your
# project.properties file.

-keepattributes *Annotation*

-keep public class * extends android.app.Activity
-keep public class * extends android.app.Application
-keep public class * extends android.app.Service
-keep public class * extends android.content.BroadcastReceiver
-keep public class * extends android.content.ContentProvider
-keep public class * extends android.app.backup.BackupAgentHelper
-keep public class * extends android.preference.Preference 

-keep public class com.google.vending.licensing.ILicensingService
-keep public class com.android.vending.licensing.ILicensingService

-keep class org.**  { *; }
-keep class com.admob.android.ads.**  { *; }
-keep class com.bugsense.** { *; }

-libraryjars libs/GoogleAdMobAdsSdk-6.2.1.jar
-libraryjars libs/bugsense-3.6.jar 

-dontwarn com.google.ads.**

# keep setters in Views so that animations can still work.
# see http://proguard.sourceforge.net/manual/examples.html#beans
-keepclassmembers public class * extends android.view.View {
   void set*(***);
   *** get*();
}

-keep class * implements android.os.Parcelable {
  public static final android.os.Parcelable$Creator *;
}

-keepclassmembers class **.R$* {
    public static <fields>;
}

-keepclasseswithmembernames class * {
	native <methods>;
}
 
-keepclasseswithmembers class * {
	public <init>(android.content.Context, android.util.AttributeSet);
}
 
-keepclasseswithmembers class * {
	public <init>(android.content.Context, android.util.AttributeSet, int);
}
 
-keepclassmembers class * extends android.app.Activity {
	public void *(android.view.View);
}
 
-keepclassmembers enum * {
	public static **[] values();
	public static ** valueOf(java.lang.String);
} 

# The support library contains references to newer platform versions.
# Don't warn about those in case this app is linking against an older
# platform version.  We know about them, and they are safe.
-dontwarn android.support.**