proguard/seeds.txt
com.shinymetal.gradereportlt.AbstractActivity: AbstractActivity()
com.shinymetal.gradereportlt.AlarmReceiver
com.shinymetal.gradereportlt.AlarmReceiver: AlarmReceiver()
com.shinymetal.gradereportlt.BootEventReceiver
com.shinymetal.gradereportlt.BootEventReceiver: BootEventReceiver()
com.shinymetal.gradereportlt.DiaryActivity
com.shinymetal.gradereportlt.DiaryActivity: DiaryActivity()
com.shinymetal.gradereportlt.DiaryActivity: boolean onOptionsItemSelected(android.view.MenuItem)
com.shinymetal.gradereportlt.DiaryUpdateService
com.shinymetal.gradereportlt.DiaryUpdateService: DiaryUpdateService()
com.shinymetal.gradereportlt.GradesActivity
com.shinymetal.gradereportlt.GradesActivity: GradesActivity()
com.shinymetal.gradereportlt.GradesActivity: boolean onOptionsItemSelected(android.view.MenuItem)
com.shinymetal.gradereportlt.LogActivity
com.shinymetal.gradereportlt.LogActivity: LogActivity()
com.shinymetal.gradereportlt.PreferencesActivity
com.shinymetal.gradereportlt.PreferencesActivity: PreferencesActivity()
com.shinymetal.gradereportlt.R$array: int syncArray
com.shinymetal.gradereportlt.R$array: int syncValues
com.shinymetal.gradereportlt.R$dimen: int activity_horizontal_margin
com.shinymetal.gradereportlt.R$dimen: int activity_vertical_margin
com.shinymetal.gradereportlt.R$drawable: int ic_11_alerts_and_states_warning
com.shinymetal.gradereportlt.R$drawable: int ic_4_collections_view_as_list
com.shinymetal.gradereportlt.R$drawable: int ic_5_content_event
com.shinymetal.gradereportlt.R$drawable: int ic_action_go_to_today
com.shinymetal.gradereportlt.R$drawable: int ic_action_next_item
com.shinymetal.gradereportlt.R$drawable: int ic_action_person
com.shinymetal.gradereportlt.R$drawable: int ic_action_previous_item
com.shinymetal.gradereportlt.R$drawable: int ic_action_refresh
com.shinymetal.gradereportlt.R$drawable: int ic_action_settings
com.shinymetal.gradereportlt.R$drawable: int ic_launcher
com.shinymetal.gradereportlt.R$drawable: int splash
com.shinymetal.gradereportlt.R$id: int ScrollViewDetail
com.shinymetal.gradereportlt.R$id: int action_diary
com.shinymetal.gradereportlt.R$id: int action_grades
com.shinymetal.gradereportlt.R$id: int action_logs
com.shinymetal.gradereportlt.R$id: int action_next_week
com.shinymetal.gradereportlt.R$id: int action_previous_week
com.shinymetal.gradereportlt.R$id: int action_reload
com.shinymetal.gradereportlt.R$id: int action_select_date
com.shinymetal.gradereportlt.R$id: int action_select_pupil
com.shinymetal.gradereportlt.R$id: int action_settings
com.shinymetal.gradereportlt.R$id: int ad
com.shinymetal.gradereportlt.R$id: int fragment_detail
com.shinymetal.gradereportlt.R$id: int fragment_list
com.shinymetal.gradereportlt.R$id: int fragments
com.shinymetal.gradereportlt.R$id: int imgLogo
com.shinymetal.gradereportlt.R$id: int itemAbsent
com.shinymetal.gradereportlt.R$id: int itemAverage
com.shinymetal.gradereportlt.R$id: int itemComment
com.shinymetal.gradereportlt.R$id: int itemDetail
com.shinymetal.gradereportlt.R$id: int itemHeader
com.shinymetal.gradereportlt.R$id: int itemHomework
com.shinymetal.gradereportlt.R$id: int itemMarks
com.shinymetal.gradereportlt.R$id: int itemName
com.shinymetal.gradereportlt.R$id: int itemReleased
com.shinymetal.gradereportlt.R$id: int itemSick
com.shinymetal.gradereportlt.R$id: int itemTheme
com.shinymetal.gradereportlt.R$id: int itemTotal
com.shinymetal.gradereportlt.R$id: int logDate
com.shinymetal.gradereportlt.R$id: int logText
...
org.jsoup.helper.DescendableLinkedList$1
org.jsoup.helper.DescendableLinkedList$DescendingIterator
org.jsoup.helper.DescendableLinkedList$DescendingIterator: java.util.ListIterator iter
org.jsoup.helper.DescendableLinkedList$DescendingIterator: org.jsoup.helper.DescendableLinkedList this$0
org.jsoup.helper.DescendableLinkedList$DescendingIterator: DescendableLinkedList$DescendingIterator(org.jsoup.helper.DescendableLinkedList,int)
org.jsoup.helper.DescendableLinkedList$DescendingIterator: boolean hasNext()
org.jsoup.helper.DescendableLinkedList$DescendingIterator: java.lang.Object next()
org.jsoup.helper.DescendableLinkedList$DescendingIterator: void remove()
org.jsoup.helper.DescendableLinkedList$DescendingIterator: DescendableLinkedList$DescendingIterator(org.jsoup.helper.DescendableLinkedList,int,org.jsoup.helper.DescendableLinkedList$1)
org.jsoup.helper.HttpConnection
org.jsoup.helper.HttpConnection: org.jsoup.Connection$Request req
org.jsoup.helper.HttpConnection: org.jsoup.Connection$Response res
org.jsoup.helper.HttpConnection: org.jsoup.Connection connect(java.lang.String)
org.jsoup.helper.HttpConnection: org.jsoup.Connection connect(java.net.URL)
org.jsoup.helper.HttpConnection: HttpConnection()
org.jsoup.helper.HttpConnection: org.jsoup.Connection url(java.net.URL)
org.jsoup.helper.HttpConnection: org.jsoup.Connection url(java.lang.String)
org.jsoup.helper.HttpConnection: org.jsoup.Connection userAgent(java.lang.String)
org.jsoup.helper.HttpConnection: org.jsoup.Connection timeout(int)
org.jsoup.helper.HttpConnection: org.jsoup.Connection maxBodySize(int)
org.jsoup.helper.HttpConnection: org.jsoup.Connection followRedirects(boolean)
org.jsoup.helper.HttpConnection: org.jsoup.Connection referrer(java.lang.String)
org.jsoup.helper.HttpConnection: org.jsoup.Connection method(org.jsoup.Connection$Method)
org.jsoup.helper.HttpConnection: org.jsoup.Connection ignoreHttpErrors(boolean)
org.jsoup.helper.HttpConnection: org.jsoup.Connection ignoreContentType(boolean)
org.jsoup.helper.HttpConnection: org.jsoup.Connection data(java.lang.String,java.lang.String)
org.jsoup.helper.HttpConnection: org.jsoup.Connection data(java.util.Map)
org.jsoup.helper.HttpConnection: org.jsoup.Connection data(java.lang.String[])
org.jsoup.helper.HttpConnection: org.jsoup.Connection header(java.lang.String,java.lang.String)
org.jsoup.helper.HttpConnection$1
org.jsoup.helper.HttpConnection$Base
org.jsoup.helper.HttpConnection$Base: java.net.URL url
org.jsoup.helper.HttpConnection$Base: org.jsoup.Connection$Method method
org.jsoup.helper.HttpConnection$Base: java.util.Map headers
org.jsoup.helper.HttpConnection$Base: java.util.Map cookies
org.jsoup.helper.HttpConnection$Base: HttpConnection$Base()
org.jsoup.helper.HttpConnection$Base: java.net.URL url()
org.jsoup.helper.HttpConnection$Base: org.jsoup.Connection$Base url(java.net.URL)
org.jsoup.helper.HttpConnection$Base: org.jsoup.Connection$Method method()
org.jsoup.helper.HttpConnection$Base: org.jsoup.Connection$Base method(org.jsoup.Connection$Method)
org.jsoup.helper.HttpConnection$Base: java.lang.String header(java.lang.String)
org.jsoup.helper.HttpConnection$Base: org.jsoup.Connection$Base header(java.lang.String,java.lang.String)
org.jsoup.helper.HttpConnection$Base: boolean hasHeader(java.lang.String)
org.jsoup.helper.HttpConnection$Base: org.jsoup.Connection$Base removeHeader(java.lang.String)
org.jsoup.helper.HttpConnection$Base: java.util.Map headers()
org.jsoup.helper.HttpConnection$Base: java.lang.String getHeaderCaseInsensitive(java.lang.String)
org.jsoup.helper.HttpConnection$Base: java.util.Map$Entry scanHeaders(java.lang.String)
org.jsoup.helper.HttpConnection$Base: java.lang.String cookie(java.lang.String)
org.jsoup.helper.HttpConnection$Base: org.jsoup.Connection$Base cookie(java.lang.String,java.lang.String)