proguard/mapping.txt
com.shinymetal.gradereportlt.AbstractActivity -> com.shinymetal.gradereportlt.a:
    com.shinymetal.gradereportlt.AbstractActivity instance -> n
    com.shinymetal.gradereport.utils.GshisLoader mGshisLoader -> o
    com.shinymetal.gradereportlt.AbstractActivity$IncomingHandler mHandler -> q
    com.shinymetal.gradereportlt.DiaryUpdateService mUpdateService -> r
    android.content.ServiceConnection mConnection -> p
    android.os.Handler getHandler() -> f
    void doBindService() -> g
    void showAlertDialog(java.lang.String) -> b
    void setRecurringAlarm(android.content.Context,boolean) -> a
    void onCreate(android.os.Bundle) -> onCreate
    void onSaveInstanceState(android.os.Bundle) -> onSaveInstanceState
    void onPause() -> onPause
    void onResume() -> onResume
    void access$0(com.shinymetal.gradereportlt.AbstractActivity,com.shinymetal.gradereportlt.DiaryUpdateService) -> a
com.shinymetal.gradereportlt.AbstractActivity$1 -> com.shinymetal.gradereportlt.b:
    com.shinymetal.gradereportlt.AbstractActivity this$0 -> a
    void onServiceConnected(android.content.ComponentName,android.os.IBinder) -> onServiceConnected
    void onServiceDisconnected(android.content.ComponentName) -> onServiceDisconnected
com.shinymetal.gradereportlt.AbstractActivity$2 -> com.shinymetal.gradereportlt.c:
    com.shinymetal.gradereportlt.AbstractActivity this$0 -> a
    void onClick(android.content.DialogInterface,int) -> onClick
com.shinymetal.gradereportlt.AbstractActivity$IncomingHandler -> com.shinymetal.gradereportlt.d:
    void handleMessage(android.os.Message) -> handleMessage
com.shinymetal.gradereportlt.AlarmReceiver -> com.shinymetal.gradereportlt.AlarmReceiver:
    void onReceive(android.content.Context,android.content.Intent) -> onReceive
com.shinymetal.gradereportlt.BootEventReceiver -> com.shinymetal.gradereportlt.BootEventReceiver:
    void onReceive(android.content.Context,android.content.Intent) -> onReceive
com.shinymetal.gradereportlt.DiaryActivity -> com.shinymetal.gradereportlt.DiaryActivity:
    com.shinymetal.gradereportlt.DiaryActivity$LessonsPagerAdapter mSectionsPagerAdapter -> q
    android.support.v4.view.ViewPager mViewPager -> r
    com.shinymetal.gradereportlt.DiaryActivity$DatePickerFragment mDateSetFragment -> s
    android.widget.Spinner mPupilSpinner -> t
    java.lang.String mPupilName -> u
    com.shinymetal.gradereportlt.DiaryActivity instance -> v
    int mCurPage -> w
    void onCreate(android.os.Bundle) -> onCreate
    java.lang.String getPupilName() -> h
    void onSaveInstanceState(android.os.Bundle) -> onSaveInstanceState
    boolean onOptionsItemSelected(android.view.MenuItem) -> onOptionsItemSelected
    boolean onCreateOptionsMenu(android.view.Menu) -> onCreateOptionsMenu
    android.support.v4.view.ViewPager access$0(com.shinymetal.gradereportlt.DiaryActivity) -> a
    com.shinymetal.gradereportlt.DiaryActivity access$1() -> i
    android.widget.Spinner access$2(com.shinymetal.gradereportlt.DiaryActivity) -> b
    void access$3(com.shinymetal.gradereportlt.DiaryActivity,java.lang.String) -> a
com.shinymetal.gradereportlt.DiaryActivity$1 -> com.shinymetal.gradereportlt.e:
    com.shinymetal.gradereportlt.DiaryActivity this$0 -> a
    void onClick(android.content.DialogInterface,int) -> onClick
com.shinymetal.gradereportlt.DiaryActivity$2 -> com.shinymetal.gradereportlt.f:
    com.shinymetal.gradereportlt.DiaryActivity this$0 -> a
    void onClick(android.content.DialogInterface,int) -> onClick
com.shinymetal.gradereportlt.DiaryActivity$DatePickerFragment -> com.shinymetal.gradereportlt.g:
    android.app.Dialog onCreateDialog(android.os.Bundle) -> c
    void onDateSet(android.widget.DatePicker,int,int,int) -> onDateSet
com.shinymetal.gradereportlt.DiaryActivity$DatePickerFragment$1 -> com.shinymetal.gradereportlt.h:
    com.shinymetal.gradereportlt.DiaryActivity$DatePickerFragment this$1 -> a
    void run() -> run
...
org.jsoup.parser.HtmlTreeBuilderState$6 -> org.jsoup.parser.HtmlTreeBuilderState$6:
    boolean process(org.jsoup.parser.Token,org.jsoup.parser.HtmlTreeBuilder) -> process
    boolean anythingElse(org.jsoup.parser.Token,org.jsoup.parser.HtmlTreeBuilder) -> anythingElse
org.jsoup.parser.HtmlTreeBuilderState$7 -> org.jsoup.parser.HtmlTreeBuilderState$7:
    boolean process(org.jsoup.parser.Token,org.jsoup.parser.HtmlTreeBuilder) -> process
    boolean anyOtherEndTag(org.jsoup.parser.Token,org.jsoup.parser.HtmlTreeBuilder) -> anyOtherEndTag
org.jsoup.parser.HtmlTreeBuilderState$8 -> org.jsoup.parser.HtmlTreeBuilderState$8:
    boolean process(org.jsoup.parser.Token,org.jsoup.parser.HtmlTreeBuilder) -> process
org.jsoup.parser.HtmlTreeBuilderState$9 -> org.jsoup.parser.HtmlTreeBuilderState$9:
    boolean process(org.jsoup.parser.Token,org.jsoup.parser.HtmlTreeBuilder) -> process
    boolean anythingElse(org.jsoup.parser.Token,org.jsoup.parser.HtmlTreeBuilder) -> anythingElse
org.jsoup.parser.ParseError -> org.jsoup.parser.ParseError:
    int pos -> pos
    java.lang.String errorMsg -> errorMsg
    java.lang.String getErrorMessage() -> getErrorMessage
    int getPosition() -> getPosition
    java.lang.String toString() -> toString
org.jsoup.parser.ParseErrorList -> org.jsoup.parser.ParseErrorList:
    int INITIAL_CAPACITY -> INITIAL_CAPACITY
    int maxSize -> maxSize
    boolean canAddError() -> canAddError
    int getMaxSize() -> getMaxSize
    org.jsoup.parser.ParseErrorList noTracking() -> noTracking
    org.jsoup.parser.ParseErrorList tracking(int) -> tracking
org.jsoup.parser.Parser -> org.jsoup.parser.Parser:
    int DEFAULT_MAX_ERRORS -> DEFAULT_MAX_ERRORS
    org.jsoup.parser.TreeBuilder treeBuilder -> treeBuilder
    int maxErrors -> maxErrors
    org.jsoup.parser.ParseErrorList errors -> errors
    org.jsoup.nodes.Document parseInput(java.lang.String,java.lang.String) -> parseInput
    org.jsoup.parser.TreeBuilder getTreeBuilder() -> getTreeBuilder
    org.jsoup.parser.Parser setTreeBuilder(org.jsoup.parser.TreeBuilder) -> setTreeBuilder
    boolean isTrackErrors() -> isTrackErrors
    org.jsoup.parser.Parser setTrackErrors(int) -> setTrackErrors
    java.util.List getErrors() -> getErrors
    org.jsoup.nodes.Document parse(java.lang.String,java.lang.String) -> parse
    java.util.List parseFragment(java.lang.String,org.jsoup.nodes.Element,java.lang.String) -> parseFragment
    java.util.List parseXmlFragment(java.lang.String,java.lang.String) -> parseXmlFragment
    org.jsoup.nodes.Document parseBodyFragment(java.lang.String,java.lang.String) -> parseBodyFragment
    java.lang.String unescapeEntities(java.lang.String,boolean) -> unescapeEntities
    org.jsoup.nodes.Document parseBodyFragmentRelaxed(java.lang.String,java.lang.String) -> parseBodyFragmentRelaxed
    org.jsoup.parser.Parser htmlParser() -> htmlParser
    org.jsoup.parser.Parser xmlParser() -> xmlParser