proguard/usage.txt
com.shinymetal.gradereportlt.BuildConfig
com.shinymetal.gradereportlt.DiaryActivity:
    89:90:public void setPupilName(java.lang.String)
com.shinymetal.gradereportlt.DiaryUpdateService:
    public static final int MSG_TASK_STARTED
    public static final int MSG_TASK_COMPLETED
    public static final int MSG_TASK_FAILED
    public static final int MSG_TASK_IDLE
    public static final int MSG_SET_INT_VALUE
com.shinymetal.gradereportlt.GradesActivity:
    78:79:public void setPupilName(java.lang.String)
com.shinymetal.gradereportlt.GradesExpListAdapter:
    43:55:public void onUpdateTaskComplete()
com.shinymetal.gradereportlt.GradesExpListFragment:
    protected static final java.lang.String ARG_SECTION_NUMBER
    31:31:public com.shinymetal.gradereportlt.UpdateableAdapter getAdapter()
com.shinymetal.gradereportlt.GradesPagerAdapter
com.shinymetal.gradereportlt.LessonsExpListAdapter:
    52:57:public void onUpdateTaskComplete()
com.shinymetal.gradereportlt.LessonsExpListFragment:
    protected static final java.lang.String ARG_SECTION_NUMBER
    42:42:public com.shinymetal.gradereportlt.UpdateableAdapter getAdapter()
com.shinymetal.gradereportlt.LessonsListAdapter:
    49:49:public int getSelectedPosition()
    54:59:public void onUpdateTaskComplete()
com.shinymetal.gradereportlt.LessonsListFragment:
    protected static final java.lang.String ARG_SECTION_NUMBER
    38:38:public com.shinymetal.gradereportlt.UpdateableAdapter getAdapter()
com.shinymetal.gradereportlt.LessonsNestedFragment:
    22:22:public com.shinymetal.gradereportlt.UpdateableAdapter getAdapter()
com.shinymetal.gradereportlt.R
com.shinymetal.gradereportlt.R$array
com.shinymetal.gradereportlt.R$attr
com.shinymetal.gradereportlt.R$dimen
com.shinymetal.gradereportlt.R$drawable
com.shinymetal.gradereportlt.R$id
com.shinymetal.gradereportlt.R$layout
com.shinymetal.gradereportlt.R$menu
com.shinymetal.gradereportlt.R$string
com.shinymetal.gradereportlt.R$style
com.shinymetal.gradereportlt.R$xml
com.shinymetal.gradereportlt.UpdateableAdapter
com.shinymetal.gradereportlt.UpdateableFragment
...
android.support.v4.view.ViewConfigurationCompat:
    25:46:public ViewConfigurationCompat()
android.support.v4.view.ViewConfigurationCompatFroyo:
    24:24:ViewConfigurationCompatFroyo()
android.support.v4.view.ViewGroupCompat
android.support.v4.view.ViewGroupCompat$ViewGroupCompatHCImpl
android.support.v4.view.ViewGroupCompat$ViewGroupCompatIcsImpl
android.support.v4.view.ViewGroupCompat$ViewGroupCompatImpl
android.support.v4.view.ViewGroupCompat$ViewGroupCompatStubImpl
android.support.v4.view.ViewGroupCompatHC
android.support.v4.view.ViewGroupCompatIcs
android.support.v4.view.ViewPager:
    private static final java.lang.String TAG
    private static final boolean DEBUG
    private static final boolean USE_CACHE
    private static final int DEFAULT_OFFSCREEN_PAGES
    private static final int MAX_SETTLE_DURATION
    private static final int MIN_DISTANCE_FOR_FLING
    private static final int DEFAULT_GUTTER_SIZE
    private static final int MIN_FLING_VELOCITY
    private boolean mIgnoreGutter
    private static final int INVALID_POINTER
    private static final int CLOSE_ENOUGH
    private long mFakeDragBeginTime
    private static final int DRAW_ORDER_DEFAULT
    private static final int DRAW_ORDER_FORWARD
    private static final int DRAW_ORDER_REVERSE
    public static final int SCROLL_STATE_IDLE
    public static final int SCROLL_STATE_DRAGGING
    public static final int SCROLL_STATE_SETTLING
    608:620:public void setPageTransformer(boolean,android.support.v4.view.ViewPager$PageTransformer)
    778:779:void smoothScrollTo(int,int)
    2259:2275:public boolean beginFakeDrag()
    2285:2306:public void endFakeDrag()
    2316:2354:public void fakeDragBy(float)
    2366:2366:public boolean isFakeDragging()
android.support.v4.view.ViewPager$SimpleOnPageChangeListener
android.support.v4.view.ViewParentCompat
android.support.v4.view.ViewParentCompat$ViewParentCompatICSImpl
android.support.v4.view.ViewParentCompat$ViewParentCompatImpl
android.support.v4.view.ViewParentCompat$ViewParentCompatStubImpl
android.support.v4.view.ViewParentCompatICS
android.support.v4.view.WindowCompat
android.support.v4.view.accessibility.AccessibilityEventCompat
android.support.v4.view.accessibility.AccessibilityEventCompat$AccessibilityEventIcsImpl
android.support.v4.view.accessibility.AccessibilityEventCompat$AccessibilityEventStubImpl
android.support.v4.view.accessibility.AccessibilityEventCompat$AccessibilityEventVersionImpl
android.support.v4.view.accessibility.AccessibilityEventCompatIcs
android.support.v4.view.accessibility.AccessibilityManagerCompat
android.support.v4.view.accessibility.AccessibilityManagerCompat$AccessibilityManagerIcsImpl
android.support.v4.view.accessibility.AccessibilityManagerCompat$AccessibilityManagerIcsImpl$1
android.support.v4.view.accessibility.AccessibilityManagerCompat$AccessibilityManagerStubImpl
android.support.v4.view.accessibility.AccessibilityManagerCompat$AccessibilityManagerVersionImpl
android.support.v4.view.accessibility.AccessibilityManagerCompat$AccessibilityStateChangeListenerCompat
android.support.v4.view.accessibility.AccessibilityManagerCompatIcs
android.support.v4.view.accessibility.AccessibilityManagerCompatIcs$1
android.support.v4.view.accessibility.AccessibilityManagerCompatIcs$AccessibilityStateChangeListenerBridge